
TextPipe Pro Log File

datetime,level,message
2026-01-22 19:23:13,Info,Log file started
2026-01-22 19:23:13,Info,TextPipe Pro
2026-01-22 19:23:13,Info,Please purchase online at http://www.datamystic.com
2026-01-22 19:23:13,Info,Filter name [C:\Users\kate\OneDrive\Desktop\Documents\DataMystic\TextPipe\etext\count characters in file.fll]
2026-01-22 19:23:13,Info,Job started by [kate]
2026-01-22 19:23:13,Info,Input file [Clipboard]  Size: 0 bytes
2026-01-22 19:23:13,Info,Output file [Clipboard]  Size: 0 bytes
2026-01-22 19:23:13,Error,Couldn't move file [Clipboard] to [Clipboard.bak]:The system cannot find the file specified
2026-01-22 19:23:13,Info,Clipboard input
2026-01-22 19:23:13,Info,0 replace(s) performed for pattern match [.]
2026-01-22 19:23:13,Info,First line: 1  Last line: 0  Increment: 1 
2026-01-22 19:23:13,Info,0 line(s) processed
2026-01-22 19:23:13,Info,0 replace(s) performed for pattern match [^(\d+) ]
2026-01-22 19:23:13,Info,File output:backup mode,only modified 
2026-01-22 19:23:13,Info,Job finished. 1 of 1 files processed, 0 binary files skipped, 0 non-binary files skipped
2026-01-22 19:23:13,Warning,Buy TextPipe Pro Now!
2026-01-22 19:23:13,Warning,  http://www.datamystic.com
2026-01-22 19:23:13,Info,Thread exit code was: 2
2026-01-22 19:27:09,Error,Copybook is blank
2026-01-22 19:27:29,Error,Copybook is blank
2026-01-22 19:29:30,Error,Parser error - Fields all have zero length. This can happen when lines do not end with a period (.)
2026-01-22 19:30:49,Info,Filter name []
2026-01-22 19:30:49,Info,Job started by [kate]
2026-01-22 19:30:49,Info,Input file [Clipboard]  Size: 0 bytes
2026-01-22 19:30:49,Info,0 replace(s) performed for pattern match [[EmailAddress]]
2026-01-22 19:30:49,Info,Output file [Clipboard]  Size: 0 bytes
2026-01-22 19:30:49,Info,Job finished. 1 of 1 files processed, 0 binary files skipped, 0 non-binary files skipped
2026-01-22 19:30:49,Warning,Buy TextPipe Pro Now!
2026-01-22 19:30:49,Warning,  http://www.datamystic.com
2026-01-22 19:30:49,Info,Thread exit code was: 2
2026-01-22 19:30:57,Info,Filter name []
2026-01-22 19:30:57,Info,Job started by [kate]
2026-01-22 19:30:57,Error,No files found to process - check your file list, wildcards and filters
2026-01-22 19:30:57,Info,Job finished. 0 of 0 files processed, 0 binary files skipped, 0 non-binary files skipped
2026-01-22 19:30:57,Warning,Buy TextPipe Pro Now!
2026-01-22 19:30:57,Warning,  http://www.datamystic.com
2026-01-22 19:30:57,Info,Thread exit code was: 2
2026-01-22 19:30:57,Info,Filter name []
2026-01-22 19:30:57,Info,Job started by [kate]
2026-01-22 19:30:57,Error,No files found to process - check your file list, wildcards and filters
2026-01-22 19:30:57,Info,Job finished. 0 of 0 files processed, 0 binary files skipped, 0 non-binary files skipped
2026-01-22 19:30:57,Warning,Buy TextPipe Pro Now!
2026-01-22 19:30:57,Warning,  http://www.datamystic.com
2026-01-22 19:30:57,Info,Thread exit code was: 2
2026-01-22 19:30:57,Info,Filter name []
2026-01-22 19:30:57,Info,Job started by [kate]
2026-01-22 19:30:57,Error,No files found to process - check your file list, wildcards and filters
2026-01-22 19:30:57,Info,Job finished. 0 of 0 files processed, 0 binary files skipped, 0 non-binary files skipped
2026-01-22 19:30:57,Warning,Buy TextPipe Pro Now!
2026-01-22 19:30:57,Warning,  http://www.datamystic.com
2026-01-22 19:30:57,Info,Thread exit code was: 2
2026-01-22 19:31:32,Info,Filter name []
2026-01-22 19:31:32,Info,Job started by [kate]
2026-01-22 19:31:32,Error,No files found to process - check your file list, wildcards and filters
2026-01-22 19:31:32,Info,Job finished. 0 of 0 files processed, 0 binary files skipped, 0 non-binary files skipped
2026-01-22 19:31:32,Warning,Buy TextPipe Pro Now!
2026-01-22 19:31:32,Warning,  http://www.datamystic.com
2026-01-22 19:31:32,Info,Thread exit code was: 2
2026-01-22 19:31:33,Info,Filter name []
2026-01-22 19:31:33,Info,Job started by [kate]
2026-01-22 19:31:33,Error,No files found to process - check your file list, wildcards and filters
2026-01-22 19:31:33,Info,Job finished. 0 of 0 files processed, 0 binary files skipped, 0 non-binary files skipped
2026-01-22 19:31:33,Warning,Buy TextPipe Pro Now!
2026-01-22 19:31:33,Warning,  http://www.datamystic.com
2026-01-22 19:31:33,Info,Thread exit code was: 2
